[09:48:25][TRACE](FrameworkServlet.java:1048)-Bound request context to thread: org.apache.catalina.connector.RequestFacade@3330aacd
[09:48:25][DEBUG](DispatcherServlet.java:845)-DispatcherServlet with name 'appServlet' processing GET request for [/pro27/resources/image/duke_swing.gif]
[09:48:25][TRACE](DispatcherServlet.java:1101)-Testing handler map [org.springframework.web.servlet.mvc.method.annotation.RequestMappingHandlerMapping@5ce1f1f1] in DispatcherServlet with name 'appServlet'
[09:48:25][DEBUG](AbstractHandlerMethodMapping.java:297)-Looking up handler method for path /resources/image/duke_swing.gif
[09:48:25][DEBUG](AbstractHandlerMethodMapping.java:305)-Did not find handler method for [/resources/image/duke_swing.gif]
[09:48:25][TRACE](DispatcherServlet.java:1101)-Testing handler map [org.springframework.web.servlet.handler.BeanNameUrlHandlerMapping@3665f531] in DispatcherServlet with name 'appServlet'
[09:48:25][TRACE](AbstractUrlHandlerMapping.java:127)-No handler mapping found for [/resources/image/duke_swing.gif]
[09:48:25][TRACE](DispatcherServlet.java:1101)-Testing handler map [org.springframework.web.servlet.handler.SimpleUrlHandlerMapping@285bd58a] in DispatcherServlet with name 'appServlet'
[09:48:25][DEBUG](AbstractUrlHandlerMapping.java:169)-Matching patterns for request [/resources/image/duke_swing.gif] are [/resources/**]
[09:48:25][DEBUG](AbstractUrlHandlerMapping.java:194)-URI Template variables for request [/resources/image/duke_swing.gif] are {}
[09:48:25][DEBUG](AbstractUrlHandlerMapping.java:124)-Mapping [/resources/image/duke_swing.gif] to HandlerExecutionChain with handler [ResourceHttpRequestHandler [locations=[ServletContext resource [/resources/]], resolvers=[org.springframework.web.servlet.resource.PathResourceResolver@60413e1b]]] and 1 interceptor
[09:48:25][TRACE](DispatcherServlet.java:1141)-Testing handler adapter [org.springframework.web.servlet.mvc.method.annotation.RequestMappingHandlerAdapter@796b10ce]
[09:48:25][TRACE](DispatcherServlet.java:1141)-Testing handler adapter [org.springframework.web.servlet.mvc.HttpRequestHandlerAdapter@20a2e709]
[09:48:25][DEBUG](DispatcherServlet.java:931)-Last-Modified value for [/pro27/resources/image/duke_swing.gif] is: -1
[09:48:25][TRACE](AbstractResourceResolver.java:43)-Resolving resource: requestPath="image/duke_swing.gif"
[09:48:25][TRACE](PathResourceResolver.java:59)-Checking location=[ServletContext resource [/resources/]]
[09:48:25][TRACE](PathResourceResolver.java:69)-No match
[09:48:25][TRACE](ResourceHttpRequestHandler.java:184)-No matching resource found - returning 404
[09:48:25][DEBUG](DispatcherServlet.java:1018)-Null ModelAndView returned to DispatcherServlet with name 'appServlet': assuming HandlerAdapter completed request handling
[09:48:25][TRACE](FrameworkServlet.java:1058)-Cleared thread-bound request context: org.apache.catalina.connector.RequestFacade@3330aacd
[09:48:25][DEBUG](FrameworkServlet.java:996)-Successfully completed request
[09:48:25][TRACE](AbstractApplicationContext.java:329)-Publishing event in WebApplicationContext for namespace 'appServlet-servlet': ServletRequestHandledEvent: url=[/pro27/resources/image/duke_swing.gif]; client=[0:0:0:0:0:0:0:1]; method=[GET]; servlet=[appServlet]; session=[null]; user=[null]; time=[172ms]; status=[OK]
[09:48:25][TRACE](AbstractApplicationContext.java:329)-Publishing event in Root WebApplicationContext: ServletRequestHandledEvent: url=[/pro27/resources/image/duke_swing.gif]; client=[0:0:0:0:0:0:0:1]; method=[GET]; servlet=[appServlet]; session=[null]; user=[null]; time=[172ms]; status=[OK]
[09:55:36][INFO ](AbstractApplicationContext.java:862)-Closing WebApplicationContext for namespace 'appServlet-servlet': startup date [Tue Sep 13 12:52:48 KST 2022]; parent: Root WebApplicationContext
[09:55:36][TRACE](AbstractApplicationContext.java:329)-Publishing event in WebApplicationContext for namespace 'appServlet-servlet': org.springframework.context.event.ContextClosedEvent[source=WebApplicationContext for namespace 'appServlet-servlet': startup date [Tue Sep 13 12:52:48 KST 2022]; parent: Root WebApplicationContext]
[09:55:36][TRACE](AbstractApplicationContext.java:329)-Publishing event in Root WebApplicationContext: org.springframework.context.event.ContextClosedEvent[source=WebApplicationContext for namespace 'appServlet-servlet': startup date [Tue Sep 13 12:52:48 KST 2022]; parent: Root WebApplicationContext]
[09:55:36][DEBUG](AbstractBeanFactory.java:247)-Returning cached instance of singleton bean 'sqlSessionFactory'
[09:55:36][DEBUG](AbstractBeanFactory.java:247)-Returning cached instance of singleton bean 'lifecycleProcessor'
[09:55:36][DEBUG](DefaultSingletonBeanRegistry.java:499)-Destroying singletons in org.springframework.beans.factory.support.DefaultListableBeanFactory@72089b05: defining beans [mvcContentNegotiationManager,org.springframework.web.servlet.mvc.method.annotation.RequestMappingHandlerMapping#0,org.springframework.format.support.FormattingConversionServiceFactoryBean#0,org.springframework.web.servlet.mvc.method.annotation.RequestMappingHandlerAdapter#0,mvcUriComponentsContributor,org.springframework.web.servlet.handler.MappedInterceptor#0,org.springframework.web.servlet.mvc.method.annotation.ExceptionHandlerExceptionResolver#0,org.springframework.web.servlet.mvc.annotation.ResponseStatusExceptionResolver#0,org.springframework.web.servlet.mvc.support.DefaultHandlerExceptionResolver#0,org.springframework.web.servlet.handler.BeanNameUrlHandlerMapping,org.springframework.web.servlet.mvc.HttpRequestHandlerAdapter,org.springframework.web.servlet.mvc.SimpleControllerHandlerAdapter,mvcResourceUrlProvider,org.springframework.web.servlet.handler.MappedInterceptor#1,org.springframework.web.servlet.resource.ResourceHttpRequestHandler#0,mvcPathMatcher,mvcUrlPathHelper,org.springframework.web.servlet.handler.SimpleUrlHandlerMapping#0,tilesConfigurer,viewResolver,homeController,memberController,memberDAO,memberService,memberVO,org.springframework.context.annotation.internalConfigurationAnnotationProcessor,org.springframework.context.annotation.internalAutowiredAnnotationProcessor,org.springframework.context.annotation.internalRequiredAnnotationProcessor,org.springframework.context.annotation.internalCommonAnnotationProcessor,org.springframework.context.annotation.ConfigurationClassPostProcessor.importAwareProcessor,org.springframework.context.annotation.ConfigurationClassPostProcessor.enhancedConfigurationProcessor]; parent: org.springframework.beans.factory.support.DefaultListableBeanFactory@19adc2d0
[09:55:36][DEBUG](DisposableBeanAdapter.java:245)-Invoking destroy() on bean with name 'tilesConfigurer'
[09:55:36][INFO ](TilesAccess.java:108)-Removing TilesContext for context: org.springframework.web.servlet.view.tiles2.SpringWildcardServletTilesApplicationContext
[09:55:36][DEBUG](DefaultSingletonBeanRegistry.java:555)-Retrieved dependent beans for bean '(inner bean)#6147126d#2': [org.springframework.web.servlet.mvc.method.annotation.ExceptionHandlerExceptionResolver#0]
[09:55:36][DEBUG](DefaultSingletonBeanRegistry.java:555)-Retrieved dependent beans for bean '(inner bean)#539d69d6': [mvcUriComponentsContributor]
[09:55:36][DEBUG](DefaultSingletonBeanRegistry.java:555)-Retrieved dependent beans for bean '(inner bean)#2e04d51b#1': [(inner bean)#539d69d6]
[09:55:36][DEBUG](DefaultSingletonBeanRegistry.java:555)-Retrieved dependent beans for bean '(inner bean)#2e04d51b': [org.springframework.web.servlet.mvc.method.annotation.RequestMappingHandlerAdapter#0]
[09:55:36][DEBUG](DefaultSingletonBeanRegistry.java:555)-Retrieved dependent beans for bean '(inner bean)#6fd53ffd': [org.springframework.web.servlet.handler.MappedInterceptor#1]
[09:55:36][DEBUG](DefaultSingletonBeanRegistry.java:555)-Retrieved dependent beans for bean '(inner bean)#465dd002': [(inner bean)#6fd53ffd]
[09:55:36][DEBUG](DefaultSingletonBeanRegistry.java:555)-Retrieved dependent beans for bean '(inner bean)#4e775d0a': [org.springframework.web.servlet.handler.MappedInterceptor#0]
[09:55:36][INFO ](AbstractApplicationContext.java:862)-Closing Root WebApplicationContext: startup date [Tue Sep 13 12:52:47 KST 2022]; root of context hierarchy
[09:55:36][TRACE](AbstractApplicationContext.java:329)-Publishing event in Root WebApplicationContext: org.springframework.context.event.ContextClosedEvent[source=Root WebApplicationContext: startup date [Tue Sep 13 12:52:47 KST 2022]; root of context hierarchy]
[09:55:36][DEBUG](AbstractBeanFactory.java:247)-Returning cached instance of singleton bean 'lifecycleProcessor'
[09:55:36][DEBUG](DefaultSingletonBeanRegistry.java:499)-Destroying singletons in org.springframework.beans.factory.support.DefaultListableBeanFactory@19adc2d0: defining beans [propertyPlaceholderConfigurer,dataSource,sqlSessionFactory,sqlSession]; root of factory hierarchy
